2024-07-02 17:55:14 — INFO — Running with edr=0.15.1
2024-07-02 17:55:14 — INFO — Installing packages for edr internal dbt package...
2024-07-02 17:55:14 — INFO — Running dbt --log-format json deps --project-dir D:\envs\dbt-env\Lib\site-packages\elementary\monitor\dbt_project
2024-07-02 17:55:27 — DEBUG — Result bytes size for command '['dbt', '--log-format', 'json', 'deps', '--project-dir', 'D:\\envs\\dbt-env\\Lib\\site-packages\\elementary\\monitor\\dbt_project']' is 3493
2024-07-02 17:55:27 — INFO — Running with dbt=1.8.3
2024-07-02 17:55:27 — INFO — Updating lock file in file path: D:\envs\dbt-env\Lib\site-packages\elementary\monitor\dbt_project/package-lock.yml
2024-07-02 17:55:27 — INFO — Installing dbt-labs/dbt_utils
2024-07-02 17:55:27 — INFO — Installed from version 0.8.6
2024-07-02 17:55:27 — INFO — Updated version available: 1.2.0
2024-07-02 17:55:27 — INFO — Installing elementary-data/elementary
2024-07-02 17:55:27 — INFO — Installed from version 0.15.1
2024-07-02 17:55:27 — INFO — Updated version available: 0.15.2
2024-07-02 17:55:27 — INFO — 
2024-07-02 17:55:27 — INFO — Updates available for packages: ['dbt-labs/dbt_utils', 'elementary-data/elementary']                 
Update your versions in packages.yml, then run dbt deps
2024-07-02 17:55:27 — DEBUG — Running dbt --log-format json run-operation elementary.log_macro_results --args {"macro_name": "elementary_cli.get_latest_invocation", "macro_args": {}} --project-dir D:\envs\dbt-env\Lib\site-packages\elementary\monitor\dbt_project
[31;20m2024-07-02 17:55:32 — ERROR — Unable to get the latest invocation: Failed to run dbt command.
Encountered an error:
Runtime Error
  Credentials in profile "elementary", target "elementary" invalid: Runtime Error
    Could not find adapter type postgres![0m
2024-07-02 17:55:32 — DEBUG — Running dbt --log-format json run-operation elementary.log_macro_results --args {"macro_name": "elementary_cli.get_adapter_type_and_unique_id", "macro_args": {}} --project-dir D:\envs\dbt-env\Lib\site-packages\elementary\monitor\dbt_project
2024-07-02 17:55:36 — DEBUG — Could not get warehouse info.
Traceback (most recent call last):
  File "D:\envs\dbt-env\Lib\site-packages\elementary\clients\dbt\dbt_runner.py", line 88, in _run_command
    result = subprocess.run(
             ^^^^^^^^^^^^^^^
  File "C:\Python312\Lib\subprocess.py", line 571, in run
    raise CalledProcessError(retcode, process.args,
subprocess.CalledProcessError: Command '['dbt', '--log-format', 'json', 'run-operation', 'elementary.log_macro_results', '--args', '{"macro_name": "elementary_cli.get_adapter_type_and_unique_id", "macro_args": {}}', '--project-dir', 'D:\\envs\\dbt-env\\Lib\\site-packages\\elementary\\monitor\\dbt_project']' returned non-zero exit status 2.

During handling of the above exception, another exception occurred:

Traceback (most recent call last):
  File "D:\envs\dbt-env\Lib\site-packages\elementary\monitor\data_monitoring\data_monitoring.py", line 140, in _get_warehouse_info
    self.internal_dbt_runner.run_operation(
  File "D:\envs\dbt-env\Lib\site-packages\elementary\clients\dbt\dbt_runner.py", line 160, in run_operation
    success, command_output = self._run_command(
                              ^^^^^^^^^^^^^^^^^^
  File "D:\envs\dbt-env\Lib\site-packages\elementary\clients\dbt\dbt_runner.py", line 99, in _run_command
    raise DbtCommandError(err, command_args, logs=logs)
elementary.exceptions.exceptions.DbtCommandError: Failed to run dbt command.
Encountered an error:
Runtime Error
  Credentials in profile "elementary", target "elementary" invalid: Runtime Error
    Could not find adapter type postgres!
2024-07-02 17:55:36 — DEBUG — Running dbt --log-format json run-operation elementary.log_macro_results --args {"macro_name": "elementary_cli.get_elementary_database_and_schema", "macro_args": {}} --project-dir D:\envs\dbt-env\Lib\site-packages\elementary\monitor\dbt_project
[31;20m2024-07-02 17:55:42 — ERROR — Failed to parse Elementary's database and schema.[0m
2024-07-02 17:55:42 — INFO — Running dbt --log-format json run-operation elementary.log_macro_results --args {"macro_name": "elementary_cli.get_test_results", "macro_args": {"days_back": 7, "invocations_per_test": 720, "disable_passed_test_metrics": false}} --project-dir D:\envs\dbt-env\Lib\site-packages\elementary\monitor\dbt_project
[31;20m2024-07-02 17:55:46 — ERROR — Could not generate the report - Error: Failed to run dbt command.
Encountered an error:
Runtime Error
  Credentials in profile "elementary", target "elementary" invalid: Runtime Error
    Could not find adapter type postgres!
Please reach out to our community for help with this issue.[0m
Traceback (most recent call last):
  File "D:\envs\dbt-env\Lib\site-packages\elementary\clients\dbt\dbt_runner.py", line 88, in _run_command
    result = subprocess.run(
             ^^^^^^^^^^^^^^^
  File "C:\Python312\Lib\subprocess.py", line 571, in run
    raise CalledProcessError(retcode, process.args,
subprocess.CalledProcessError: Command '['dbt', '--log-format', 'json', 'run-operation', 'elementary.log_macro_results', '--args', '{"macro_name": "elementary_cli.get_test_results", "macro_args": {"days_back": 7, "invocations_per_test": 720, "disable_passed_test_metrics": false}}', '--project-dir', 'D:\\envs\\dbt-env\\Lib\\site-packages\\elementary\\monitor\\dbt_project']' returned non-zero exit status 2.

During handling of the above exception, another exception occurred:

Traceback (most recent call last):
  File "D:\envs\dbt-env\Lib\site-packages\elementary\monitor\api\report\report.py", line 50, in get_report_data
    tests_api = TestsAPI(
                ^^^^^^^^^
  File "D:\envs\dbt-env\Lib\site-packages\elementary\monitor\api\tests\tests.py", line 43, in __init__
    self.test_results_db_rows = self._get_test_results_db_rows(
                                ^^^^^^^^^^^^^^^^^^^^^^^^^^^^^^^
  File "D:\envs\dbt-env\Lib\site-packages\elementary\monitor\api\tests\tests.py", line 55, in _get_test_results_db_rows
    return self.tests_fetcher.get_all_test_results_db_rows(
           ^^^^^^^^^^^^^^^^^^^^^^^^^^^^^^^^^^^^^^^^^^^^^^^^
  File "D:\envs\dbt-env\Lib\site-packages\elementary\monitor\fetchers\tests\tests.py", line 25, in get_all_test_results_db_rows
    run_operation_response = self.dbt_runner.run_operation(
                             ^^^^^^^^^^^^^^^^^^^^^^^^^^^^^^
  File "D:\envs\dbt-env\Lib\site-packages\elementary\clients\dbt\dbt_runner.py", line 160, in run_operation
    success, command_output = self._run_command(
                              ^^^^^^^^^^^^^^^^^^
  File "D:\envs\dbt-env\Lib\site-packages\elementary\clients\dbt\dbt_runner.py", line 99, in _run_command
    raise DbtCommandError(err, command_args, logs=logs)
elementary.exceptions.exceptions.DbtCommandError: Failed to run dbt command.
Encountered an error:
Runtime Error
  Credentials in profile "elementary", target "elementary" invalid: Runtime Error
    Could not find adapter type postgres!
2024-07-02 17:58:04 — INFO — Running with edr=0.15.1
2024-07-02 17:58:04 — DEBUG — Running dbt --log-format json run-operation elementary.log_macro_results --args {"macro_name": "elementary_cli.get_latest_invocation", "macro_args": {}} --project-dir D:\envs\dbt-env\Lib\site-packages\elementary\monitor\dbt_project
2024-07-02 17:58:23 — DEBUG — Result bytes size for command '['dbt', '--log-format', 'json', 'run-operation', 'elementary.log_macro_results', '--args', '{"macro_name": "elementary_cli.get_latest_invocation", "macro_args": {}}', '--project-dir', 'D:\\envs\\dbt-env\\Lib\\site-packages\\elementary\\monitor\\dbt_project']' is 2274
2024-07-02 17:58:23 — DEBUG — Running dbt --log-format json run-operation elementary.log_macro_results --args {"macro_name": "elementary_cli.get_adapter_type_and_unique_id", "macro_args": {}} --project-dir D:\envs\dbt-env\Lib\site-packages\elementary\monitor\dbt_project
2024-07-02 17:58:30 — DEBUG — Result bytes size for command '['dbt', '--log-format', 'json', 'run-operation', 'elementary.log_macro_results', '--args', '{"macro_name": "elementary_cli.get_adapter_type_and_unique_id", "macro_args": {}}', '--project-dir', 'D:\\envs\\dbt-env\\Lib\\site-packages\\elementary\\monitor\\dbt_project']' is 1418
2024-07-02 17:58:30 — DEBUG — Running dbt --log-format json run-operation elementary.log_macro_results --args {"macro_name": "elementary_cli.get_elementary_database_and_schema", "macro_args": {}} --project-dir D:\envs\dbt-env\Lib\site-packages\elementary\monitor\dbt_project
2024-07-02 17:58:37 — DEBUG — Result bytes size for command '['dbt', '--log-format', 'json', 'run-operation', 'elementary.log_macro_results', '--args', '{"macro_name": "elementary_cli.get_elementary_database_and_schema", "macro_args": {}}', '--project-dir', 'D:\\envs\\dbt-env\\Lib\\site-packages\\elementary\\monitor\\dbt_project']' is 1384
2024-07-02 17:58:37 — INFO — Elementary's database and schema: '"dbt_db.DBT_TEST"'
2024-07-02 17:58:37 — INFO — Running dbt --log-format json run-operation elementary.log_macro_results --args {"macro_name": "elementary_cli.get_test_results", "macro_args": {"days_back": 7, "invocations_per_test": 720, "disable_passed_test_metrics": false}} --project-dir D:\envs\dbt-env\Lib\site-packages\elementary\monitor\dbt_project
[31;20m2024-07-02 17:58:44 — ERROR — Could not generate the report - Error: Failed to run dbt command.
Encountered an error while running operation: Database Error
  002003 (42S02): SQL compilation error:
  Object 'DBT_DB.DBT_TEST.ELEMENTARY_TEST_RESULTS' does not exist or not authorized.
Please reach out to our community for help with this issue.[0m
Traceback (most recent call last):
  File "D:\envs\dbt-env\Lib\site-packages\elementary\clients\dbt\dbt_runner.py", line 88, in _run_command
    result = subprocess.run(
             ^^^^^^^^^^^^^^^
  File "C:\Python312\Lib\subprocess.py", line 571, in run
    raise CalledProcessError(retcode, process.args,
subprocess.CalledProcessError: Command '['dbt', '--log-format', 'json', 'run-operation', 'elementary.log_macro_results', '--args', '{"macro_name": "elementary_cli.get_test_results", "macro_args": {"days_back": 7, "invocations_per_test": 720, "disable_passed_test_metrics": false}}', '--project-dir', 'D:\\envs\\dbt-env\\Lib\\site-packages\\elementary\\monitor\\dbt_project']' returned non-zero exit status 1.

During handling of the above exception, another exception occurred:

Traceback (most recent call last):
  File "D:\envs\dbt-env\Lib\site-packages\elementary\monitor\api\report\report.py", line 50, in get_report_data
    tests_api = TestsAPI(
                ^^^^^^^^^
  File "D:\envs\dbt-env\Lib\site-packages\elementary\monitor\api\tests\tests.py", line 43, in __init__
    self.test_results_db_rows = self._get_test_results_db_rows(
                                ^^^^^^^^^^^^^^^^^^^^^^^^^^^^^^^
  File "D:\envs\dbt-env\Lib\site-packages\elementary\monitor\api\tests\tests.py", line 55, in _get_test_results_db_rows
    return self.tests_fetcher.get_all_test_results_db_rows(
           ^^^^^^^^^^^^^^^^^^^^^^^^^^^^^^^^^^^^^^^^^^^^^^^^
  File "D:\envs\dbt-env\Lib\site-packages\elementary\monitor\fetchers\tests\tests.py", line 25, in get_all_test_results_db_rows
    run_operation_response = self.dbt_runner.run_operation(
                             ^^^^^^^^^^^^^^^^^^^^^^^^^^^^^^
  File "D:\envs\dbt-env\Lib\site-packages\elementary\clients\dbt\dbt_runner.py", line 160, in run_operation
    success, command_output = self._run_command(
                              ^^^^^^^^^^^^^^^^^^
  File "D:\envs\dbt-env\Lib\site-packages\elementary\clients\dbt\dbt_runner.py", line 99, in _run_command
    raise DbtCommandError(err, command_args, logs=logs)
elementary.exceptions.exceptions.DbtCommandError: Failed to run dbt command.
Encountered an error while running operation: Database Error
  002003 (42S02): SQL compilation error:
  Object 'DBT_DB.DBT_TEST.ELEMENTARY_TEST_RESULTS' does not exist or not authorized.
2024-07-02 17:59:14 — INFO — Running with edr=0.15.1
2024-07-02 17:59:14 — DEBUG — Running dbt --log-format json run-operation elementary.log_macro_results --args {"macro_name": "elementary_cli.get_latest_invocation", "macro_args": {}} --project-dir D:\envs\dbt-env\Lib\site-packages\elementary\monitor\dbt_project
2024-07-02 17:59:26 — DEBUG — Result bytes size for command '['dbt', '--log-format', 'json', 'run-operation', 'elementary.log_macro_results', '--args', '{"macro_name": "elementary_cli.get_latest_invocation", "macro_args": {}}', '--project-dir', 'D:\\envs\\dbt-env\\Lib\\site-packages\\elementary\\monitor\\dbt_project']' is 4546
2024-07-02 17:59:26 — DEBUG — Running dbt --log-format json run-operation elementary.log_macro_results --args {"macro_name": "elementary_cli.get_adapter_type_and_unique_id", "macro_args": {}} --project-dir D:\envs\dbt-env\Lib\site-packages\elementary\monitor\dbt_project
2024-07-02 17:59:32 — DEBUG — Result bytes size for command '['dbt', '--log-format', 'json', 'run-operation', 'elementary.log_macro_results', '--args', '{"macro_name": "elementary_cli.get_adapter_type_and_unique_id", "macro_args": {}}', '--project-dir', 'D:\\envs\\dbt-env\\Lib\\site-packages\\elementary\\monitor\\dbt_project']' is 1418
2024-07-02 17:59:32 — INFO — edr (0.15.1) and Elementary's dbt package (0.15.2) are compatible.
2024-07-02 17:59:32 — DEBUG — Running dbt --log-format json run-operation elementary.log_macro_results --args {"macro_name": "elementary_cli.get_elementary_database_and_schema", "macro_args": {}} --project-dir D:\envs\dbt-env\Lib\site-packages\elementary\monitor\dbt_project
2024-07-02 17:59:38 — DEBUG — Result bytes size for command '['dbt', '--log-format', 'json', 'run-operation', 'elementary.log_macro_results', '--args', '{"macro_name": "elementary_cli.get_elementary_database_and_schema", "macro_args": {}}', '--project-dir', 'D:\\envs\\dbt-env\\Lib\\site-packages\\elementary\\monitor\\dbt_project']' is 1406
2024-07-02 17:59:38 — INFO — Elementary's database and schema: '"pipeline_logs.dbt_elementary"'
2024-07-02 17:59:38 — INFO — Running dbt --log-format json run-operation elementary.log_macro_results --args {"macro_name": "elementary_cli.get_test_results", "macro_args": {"days_back": 7, "invocations_per_test": 720, "disable_passed_test_metrics": false}} --project-dir D:\envs\dbt-env\Lib\site-packages\elementary\monitor\dbt_project
2024-07-02 17:59:45 — DEBUG — Result bytes size for command '['dbt', '--log-format', 'json', 'run-operation', 'elementary.log_macro_results', '--args', '{"macro_name": "elementary_cli.get_test_results", "macro_args": {"days_back": 7, "invocations_per_test": 720, "disable_passed_test_metrics": false}}', '--project-dir', 'D:\\envs\\dbt-env\\Lib\\site-packages\\elementary\\monitor\\dbt_project']' is 43418
2024-07-02 17:59:45 — INFO — Running dbt --log-format json run-operation elementary.log_macro_results --args {"macro_name": "elementary_cli.get_source_freshness_results", "macro_args": {"days_back": 7, "invocations_per_test": 720}} --project-dir D:\envs\dbt-env\Lib\site-packages\elementary\monitor\dbt_project
2024-07-02 17:59:52 — DEBUG — Result bytes size for command '['dbt', '--log-format', 'json', 'run-operation', 'elementary.log_macro_results', '--args', '{"macro_name": "elementary_cli.get_source_freshness_results", "macro_args": {"days_back": 7, "invocations_per_test": 720}}', '--project-dir', 'D:\\envs\\dbt-env\\Lib\\site-packages\\elementary\\monitor\\dbt_project']' is 1350
2024-07-02 17:59:52 — INFO — Running dbt --log-format json run-operation elementary.log_macro_results --args {"macro_name": "elementary_cli.get_models", "macro_args": {"exclude_elementary": true}} --project-dir D:\envs\dbt-env\Lib\site-packages\elementary\monitor\dbt_project
2024-07-02 17:59:59 — DEBUG — Result bytes size for command '['dbt', '--log-format', 'json', 'run-operation', 'elementary.log_macro_results', '--args', '{"macro_name": "elementary_cli.get_models", "macro_args": {"exclude_elementary": true}}', '--project-dir', 'D:\\envs\\dbt-env\\Lib\\site-packages\\elementary\\monitor\\dbt_project']' is 40714
2024-07-02 17:59:59 — INFO — Running dbt --log-format json run-operation elementary.log_macro_results --args {"macro_name": "elementary_cli.get_sources", "macro_args": {}} --project-dir D:\envs\dbt-env\Lib\site-packages\elementary\monitor\dbt_project
2024-07-02 18:00:06 — DEBUG — Result bytes size for command '['dbt', '--log-format', 'json', 'run-operation', 'elementary.log_macro_results', '--args', '{"macro_name": "elementary_cli.get_sources", "macro_args": {}}', '--project-dir', 'D:\\envs\\dbt-env\\Lib\\site-packages\\elementary\\monitor\\dbt_project']' is 2090
2024-07-02 18:00:06 — INFO — Running dbt --log-format json run-operation elementary.log_macro_results --args {"macro_name": "elementary_cli.get_exposures", "macro_args": {}} --project-dir D:\envs\dbt-env\Lib\site-packages\elementary\monitor\dbt_project
2024-07-02 18:00:14 — DEBUG — Result bytes size for command '['dbt', '--log-format', 'json', 'run-operation', 'elementary.log_macro_results', '--args', '{"macro_name": "elementary_cli.get_exposures", "macro_args": {}}', '--project-dir', 'D:\\envs\\dbt-env\\Lib\\site-packages\\elementary\\monitor\\dbt_project']' is 1350
2024-07-02 18:00:14 — INFO — Running dbt --log-format json run-operation elementary.log_macro_results --args {"macro_name": "elementary_cli.get_singular_tests", "macro_args": {}} --project-dir D:\envs\dbt-env\Lib\site-packages\elementary\monitor\dbt_project
2024-07-02 18:00:21 — DEBUG — Result bytes size for command '['dbt', '--log-format', 'json', 'run-operation', 'elementary.log_macro_results', '--args', '{"macro_name": "elementary_cli.get_singular_tests", "macro_args": {}}', '--project-dir', 'D:\\envs\\dbt-env\\Lib\\site-packages\\elementary\\monitor\\dbt_project']' is 1350
2024-07-02 18:00:21 — INFO — Running dbt --log-format json run-operation elementary.log_macro_results --args {"macro_name": "elementary_cli.get_models_runs", "macro_args": {"days_back": 7, "exclude_elementary": true}} --project-dir D:\envs\dbt-env\Lib\site-packages\elementary\monitor\dbt_project
2024-07-02 18:00:31 — DEBUG — Result bytes size for command '['dbt', '--log-format', 'json', 'run-operation', 'elementary.log_macro_results', '--args', '{"macro_name": "elementary_cli.get_models_runs", "macro_args": {"days_back": 7, "exclude_elementary": true}}', '--project-dir', 'D:\\envs\\dbt-env\\Lib\\site-packages\\elementary\\monitor\\dbt_project']' is 2300
2024-07-02 18:00:31 — INFO — Running dbt --log-format json run-operation elementary.log_macro_results --args {"macro_name": "elementary_cli.get_dbt_models_test_coverage", "macro_args": {}} --project-dir D:\envs\dbt-env\Lib\site-packages\elementary\monitor\dbt_project
2024-07-02 18:00:38 — DEBUG — Result bytes size for command '['dbt', '--log-format', 'json', 'run-operation', 'elementary.log_macro_results', '--args', '{"macro_name": "elementary_cli.get_dbt_models_test_coverage", "macro_args": {}}', '--project-dir', 'D:\\envs\\dbt-env\\Lib\\site-packages\\elementary\\monitor\\dbt_project']' is 1958
2024-07-02 18:00:38 — INFO — Running dbt --log-format json run-operation elementary.log_macro_results --args {"macro_name": "elementary_cli.get_nodes_depends_on_nodes", "macro_args": {"exclude_elementary": true}} --project-dir D:\envs\dbt-env\Lib\site-packages\elementary\monitor\dbt_project
2024-07-02 18:00:46 — DEBUG — Result bytes size for command '['dbt', '--log-format', 'json', 'run-operation', 'elementary.log_macro_results', '--args', '{"macro_name": "elementary_cli.get_nodes_depends_on_nodes", "macro_args": {"exclude_elementary": true}}', '--project-dir', 'D:\\envs\\dbt-env\\Lib\\site-packages\\elementary\\monitor\\dbt_project']' is 14490
2024-07-02 18:00:46 — INFO — Running dbt --log-format json run-operation elementary.log_macro_results --args {"macro_name": "elementary_cli.get_models_latest_invocation", "macro_args": {}} --project-dir D:\envs\dbt-env\Lib\site-packages\elementary\monitor\dbt_project
2024-07-02 18:00:54 — DEBUG — Result bytes size for command '['dbt', '--log-format', 'json', 'run-operation', 'elementary.log_macro_results', '--args', '{"macro_name": "elementary_cli.get_models_latest_invocation", "macro_args": {}}', '--project-dir', 'D:\\envs\\dbt-env\\Lib\\site-packages\\elementary\\monitor\\dbt_project']' is 8194
2024-07-02 18:00:54 — INFO — Running dbt --log-format json run-operation elementary.log_macro_results --args {"macro_name": "elementary_cli.get_models_latest_invocations_data", "macro_args": {}} --project-dir D:\envs\dbt-env\Lib\site-packages\elementary\monitor\dbt_project
2024-07-02 18:01:05 — DEBUG — Result bytes size for command '['dbt', '--log-format', 'json', 'run-operation', 'elementary.log_macro_results', '--args', '{"macro_name": "elementary_cli.get_models_latest_invocations_data", "macro_args": {}}', '--project-dir', 'D:\\envs\\dbt-env\\Lib\\site-packages\\elementary\\monitor\\dbt_project']' is 2396
2024-07-02 18:06:18 — INFO — Running with edr=0.15.1
2024-07-02 18:06:18 — DEBUG — Running dbt --log-format json run-operation elementary.log_macro_results --args {"macro_name": "elementary_cli.get_latest_invocation", "macro_args": {}} --project-dir D:\envs\dbt-env\Lib\site-packages\elementary\monitor\dbt_project
2024-07-02 18:06:25 — DEBUG — Result bytes size for command '['dbt', '--log-format', 'json', 'run-operation', 'elementary.log_macro_results', '--args', '{"macro_name": "elementary_cli.get_latest_invocation", "macro_args": {}}', '--project-dir', 'D:\\envs\\dbt-env\\Lib\\site-packages\\elementary\\monitor\\dbt_project']' is 3726
2024-07-02 18:06:25 — DEBUG — Running dbt --log-format json run-operation elementary.log_macro_results --args {"macro_name": "elementary_cli.get_adapter_type_and_unique_id", "macro_args": {}} --project-dir D:\envs\dbt-env\Lib\site-packages\elementary\monitor\dbt_project
2024-07-02 18:06:31 — DEBUG — Result bytes size for command '['dbt', '--log-format', 'json', 'run-operation', 'elementary.log_macro_results', '--args', '{"macro_name": "elementary_cli.get_adapter_type_and_unique_id", "macro_args": {}}', '--project-dir', 'D:\\envs\\dbt-env\\Lib\\site-packages\\elementary\\monitor\\dbt_project']' is 1418
2024-07-02 18:06:31 — INFO — edr (0.15.1) and Elementary's dbt package (0.15.2) are compatible.
2024-07-02 18:06:31 — DEBUG — Running dbt --log-format json run-operation elementary.log_macro_results --args {"macro_name": "elementary_cli.get_elementary_database_and_schema", "macro_args": {}} --project-dir D:\envs\dbt-env\Lib\site-packages\elementary\monitor\dbt_project
2024-07-02 18:06:36 — DEBUG — Result bytes size for command '['dbt', '--log-format', 'json', 'run-operation', 'elementary.log_macro_results', '--args', '{"macro_name": "elementary_cli.get_elementary_database_and_schema", "macro_args": {}}', '--project-dir', 'D:\\envs\\dbt-env\\Lib\\site-packages\\elementary\\monitor\\dbt_project']' is 1406
2024-07-02 18:06:36 — INFO — Elementary's database and schema: '"pipeline_logs.dbt_elementary"'
2024-07-02 18:06:36 — INFO — Running dbt --log-format json run-operation elementary.log_macro_results --args {"macro_name": "elementary_cli.get_test_results", "macro_args": {"days_back": 7, "invocations_per_test": 720, "disable_passed_test_metrics": false}} --project-dir D:\envs\dbt-env\Lib\site-packages\elementary\monitor\dbt_project
2024-07-02 18:06:45 — DEBUG — Result bytes size for command '['dbt', '--log-format', 'json', 'run-operation', 'elementary.log_macro_results', '--args', '{"macro_name": "elementary_cli.get_test_results", "macro_args": {"days_back": 7, "invocations_per_test": 720, "disable_passed_test_metrics": false}}', '--project-dir', 'D:\\envs\\dbt-env\\Lib\\site-packages\\elementary\\monitor\\dbt_project']' is 60388
2024-07-02 18:06:45 — INFO — Running dbt --log-format json run-operation elementary.log_macro_results --args {"macro_name": "elementary_cli.get_source_freshness_results", "macro_args": {"days_back": 7, "invocations_per_test": 720}} --project-dir D:\envs\dbt-env\Lib\site-packages\elementary\monitor\dbt_project
2024-07-02 18:06:52 — DEBUG — Result bytes size for command '['dbt', '--log-format', 'json', 'run-operation', 'elementary.log_macro_results', '--args', '{"macro_name": "elementary_cli.get_source_freshness_results", "macro_args": {"days_back": 7, "invocations_per_test": 720}}', '--project-dir', 'D:\\envs\\dbt-env\\Lib\\site-packages\\elementary\\monitor\\dbt_project']' is 1350
2024-07-02 18:06:52 — INFO — Running dbt --log-format json run-operation elementary.log_macro_results --args {"macro_name": "elementary_cli.get_models", "macro_args": {"exclude_elementary": true}} --project-dir D:\envs\dbt-env\Lib\site-packages\elementary\monitor\dbt_project
2024-07-02 18:07:01 — DEBUG — Result bytes size for command '['dbt', '--log-format', 'json', 'run-operation', 'elementary.log_macro_results', '--args', '{"macro_name": "elementary_cli.get_models", "macro_args": {"exclude_elementary": true}}', '--project-dir', 'D:\\envs\\dbt-env\\Lib\\site-packages\\elementary\\monitor\\dbt_project']' is 40718
2024-07-02 18:07:01 — INFO — Running dbt --log-format json run-operation elementary.log_macro_results --args {"macro_name": "elementary_cli.get_sources", "macro_args": {}} --project-dir D:\envs\dbt-env\Lib\site-packages\elementary\monitor\dbt_project
2024-07-02 18:07:08 — DEBUG — Result bytes size for command '['dbt', '--log-format', 'json', 'run-operation', 'elementary.log_macro_results', '--args', '{"macro_name": "elementary_cli.get_sources", "macro_args": {}}', '--project-dir', 'D:\\envs\\dbt-env\\Lib\\site-packages\\elementary\\monitor\\dbt_project']' is 2094
2024-07-02 18:07:08 — INFO — Running dbt --log-format json run-operation elementary.log_macro_results --args {"macro_name": "elementary_cli.get_exposures", "macro_args": {}} --project-dir D:\envs\dbt-env\Lib\site-packages\elementary\monitor\dbt_project
2024-07-02 18:07:15 — DEBUG — Result bytes size for command '['dbt', '--log-format', 'json', 'run-operation', 'elementary.log_macro_results', '--args', '{"macro_name": "elementary_cli.get_exposures", "macro_args": {}}', '--project-dir', 'D:\\envs\\dbt-env\\Lib\\site-packages\\elementary\\monitor\\dbt_project']' is 1350
2024-07-02 18:07:15 — INFO — Running dbt --log-format json run-operation elementary.log_macro_results --args {"macro_name": "elementary_cli.get_singular_tests", "macro_args": {}} --project-dir D:\envs\dbt-env\Lib\site-packages\elementary\monitor\dbt_project
2024-07-02 18:07:21 — DEBUG — Result bytes size for command '['dbt', '--log-format', 'json', 'run-operation', 'elementary.log_macro_results', '--args', '{"macro_name": "elementary_cli.get_singular_tests", "macro_args": {}}', '--project-dir', 'D:\\envs\\dbt-env\\Lib\\site-packages\\elementary\\monitor\\dbt_project']' is 1350
2024-07-02 18:07:21 — INFO — Running dbt --log-format json run-operation elementary.log_macro_results --args {"macro_name": "elementary_cli.get_models_runs", "macro_args": {"days_back": 7, "exclude_elementary": true}} --project-dir D:\envs\dbt-env\Lib\site-packages\elementary\monitor\dbt_project
2024-07-02 18:07:28 — DEBUG — Result bytes size for command '['dbt', '--log-format', 'json', 'run-operation', 'elementary.log_macro_results', '--args', '{"macro_name": "elementary_cli.get_models_runs", "macro_args": {"days_back": 7, "exclude_elementary": true}}', '--project-dir', 'D:\\envs\\dbt-env\\Lib\\site-packages\\elementary\\monitor\\dbt_project']' is 6954
2024-07-02 18:07:28 — INFO — Running dbt --log-format json run-operation elementary.log_macro_results --args {"macro_name": "elementary_cli.get_dbt_models_test_coverage", "macro_args": {}} --project-dir D:\envs\dbt-env\Lib\site-packages\elementary\monitor\dbt_project
2024-07-02 18:07:34 — DEBUG — Result bytes size for command '['dbt', '--log-format', 'json', 'run-operation', 'elementary.log_macro_results', '--args', '{"macro_name": "elementary_cli.get_dbt_models_test_coverage", "macro_args": {}}', '--project-dir', 'D:\\envs\\dbt-env\\Lib\\site-packages\\elementary\\monitor\\dbt_project']' is 1958
2024-07-02 18:07:34 — INFO — Running dbt --log-format json run-operation elementary.log_macro_results --args {"macro_name": "elementary_cli.get_nodes_depends_on_nodes", "macro_args": {"exclude_elementary": true}} --project-dir D:\envs\dbt-env\Lib\site-packages\elementary\monitor\dbt_project
2024-07-02 18:07:41 — DEBUG — Result bytes size for command '['dbt', '--log-format', 'json', 'run-operation', 'elementary.log_macro_results', '--args', '{"macro_name": "elementary_cli.get_nodes_depends_on_nodes", "macro_args": {"exclude_elementary": true}}', '--project-dir', 'D:\\envs\\dbt-env\\Lib\\site-packages\\elementary\\monitor\\dbt_project']' is 14490
2024-07-02 18:07:41 — INFO — Running dbt --log-format json run-operation elementary.log_macro_results --args {"macro_name": "elementary_cli.get_models_latest_invocation", "macro_args": {}} --project-dir D:\envs\dbt-env\Lib\site-packages\elementary\monitor\dbt_project
2024-07-02 18:07:48 — DEBUG — Result bytes size for command '['dbt', '--log-format', 'json', 'run-operation', 'elementary.log_macro_results', '--args', '{"macro_name": "elementary_cli.get_models_latest_invocation", "macro_args": {}}', '--project-dir', 'D:\\envs\\dbt-env\\Lib\\site-packages\\elementary\\monitor\\dbt_project']' is 8654
2024-07-02 18:07:48 — INFO — Running dbt --log-format json run-operation elementary.log_macro_results --args {"macro_name": "elementary_cli.get_models_latest_invocations_data", "macro_args": {}} --project-dir D:\envs\dbt-env\Lib\site-packages\elementary\monitor\dbt_project
2024-07-02 18:07:54 — DEBUG — Result bytes size for command '['dbt', '--log-format', 'json', 'run-operation', 'elementary.log_macro_results', '--args', '{"macro_name": "elementary_cli.get_models_latest_invocations_data", "macro_args": {}}', '--project-dir', 'D:\\envs\\dbt-env\\Lib\\site-packages\\elementary\\monitor\\dbt_project']' is 3456
2024-07-02 18:11:10 — INFO — Running with edr=0.15.1
2024-07-02 18:11:10 — DEBUG — Running dbt --log-format json run-operation elementary.log_macro_results --args {"macro_name": "elementary_cli.get_latest_invocation", "macro_args": {}} --project-dir D:\envs\dbt-env\Lib\site-packages\elementary\monitor\dbt_project
2024-07-02 18:11:18 — DEBUG — Result bytes size for command '['dbt', '--log-format', 'json', 'run-operation', 'elementary.log_macro_results', '--args', '{"macro_name": "elementary_cli.get_latest_invocation", "macro_args": {}}', '--project-dir', 'D:\\envs\\dbt-env\\Lib\\site-packages\\elementary\\monitor\\dbt_project']' is 3718
2024-07-02 18:11:18 — DEBUG — Running dbt --log-format json run-operation elementary.log_macro_results --args {"macro_name": "elementary_cli.get_adapter_type_and_unique_id", "macro_args": {}} --project-dir D:\envs\dbt-env\Lib\site-packages\elementary\monitor\dbt_project
2024-07-02 18:11:24 — DEBUG — Result bytes size for command '['dbt', '--log-format', 'json', 'run-operation', 'elementary.log_macro_results', '--args', '{"macro_name": "elementary_cli.get_adapter_type_and_unique_id", "macro_args": {}}', '--project-dir', 'D:\\envs\\dbt-env\\Lib\\site-packages\\elementary\\monitor\\dbt_project']' is 1418
2024-07-02 18:11:24 — INFO — edr (0.15.1) and Elementary's dbt package (0.15.2) are compatible.
2024-07-02 18:11:24 — DEBUG — Running dbt --log-format json run-operation elementary.log_macro_results --args {"macro_name": "elementary_cli.get_elementary_database_and_schema", "macro_args": {}} --project-dir D:\envs\dbt-env\Lib\site-packages\elementary\monitor\dbt_project
2024-07-02 18:11:32 — DEBUG — Result bytes size for command '['dbt', '--log-format', 'json', 'run-operation', 'elementary.log_macro_results', '--args', '{"macro_name": "elementary_cli.get_elementary_database_and_schema", "macro_args": {}}', '--project-dir', 'D:\\envs\\dbt-env\\Lib\\site-packages\\elementary\\monitor\\dbt_project']' is 1410
2024-07-02 18:11:32 — INFO — Elementary's database and schema: '"pipeline_logs.dbt_elementary"'
2024-07-02 18:11:32 — INFO — Running dbt --log-format json run-operation elementary.log_macro_results --args {"macro_name": "elementary_cli.get_test_results", "macro_args": {"days_back": 7, "invocations_per_test": 720, "disable_passed_test_metrics": false}} --project-dir D:\envs\dbt-env\Lib\site-packages\elementary\monitor\dbt_project
2024-07-02 18:11:43 — DEBUG — Result bytes size for command '['dbt', '--log-format', 'json', 'run-operation', 'elementary.log_macro_results', '--args', '{"macro_name": "elementary_cli.get_test_results", "macro_args": {"days_back": 7, "invocations_per_test": 720, "disable_passed_test_metrics": false}}', '--project-dir', 'D:\\envs\\dbt-env\\Lib\\site-packages\\elementary\\monitor\\dbt_project']' is 63794
2024-07-02 18:11:43 — INFO — Running dbt --log-format json run-operation elementary.log_macro_results --args {"macro_name": "elementary_cli.get_source_freshness_results", "macro_args": {"days_back": 7, "invocations_per_test": 720}} --project-dir D:\envs\dbt-env\Lib\site-packages\elementary\monitor\dbt_project
2024-07-02 18:11:55 — DEBUG — Result bytes size for command '['dbt', '--log-format', 'json', 'run-operation', 'elementary.log_macro_results', '--args', '{"macro_name": "elementary_cli.get_source_freshness_results", "macro_args": {"days_back": 7, "invocations_per_test": 720}}', '--project-dir', 'D:\\envs\\dbt-env\\Lib\\site-packages\\elementary\\monitor\\dbt_project']' is 1350
2024-07-02 18:11:55 — INFO — Running dbt --log-format json run-operation elementary.log_macro_results --args {"macro_name": "elementary_cli.get_models", "macro_args": {"exclude_elementary": true}} --project-dir D:\envs\dbt-env\Lib\site-packages\elementary\monitor\dbt_project
2024-07-02 18:12:02 — DEBUG — Result bytes size for command '['dbt', '--log-format', 'json', 'run-operation', 'elementary.log_macro_results', '--args', '{"macro_name": "elementary_cli.get_models", "macro_args": {"exclude_elementary": true}}', '--project-dir', 'D:\\envs\\dbt-env\\Lib\\site-packages\\elementary\\monitor\\dbt_project']' is 40718
2024-07-02 18:12:02 — INFO — Running dbt --log-format json run-operation elementary.log_macro_results --args {"macro_name": "elementary_cli.get_sources", "macro_args": {}} --project-dir D:\envs\dbt-env\Lib\site-packages\elementary\monitor\dbt_project
2024-07-02 18:12:13 — DEBUG — Result bytes size for command '['dbt', '--log-format', 'json', 'run-operation', 'elementary.log_macro_results', '--args', '{"macro_name": "elementary_cli.get_sources", "macro_args": {}}', '--project-dir', 'D:\\envs\\dbt-env\\Lib\\site-packages\\elementary\\monitor\\dbt_project']' is 2094
2024-07-02 18:12:13 — INFO — Running dbt --log-format json run-operation elementary.log_macro_results --args {"macro_name": "elementary_cli.get_exposures", "macro_args": {}} --project-dir D:\envs\dbt-env\Lib\site-packages\elementary\monitor\dbt_project
2024-07-02 18:12:21 — DEBUG — Result bytes size for command '['dbt', '--log-format', 'json', 'run-operation', 'elementary.log_macro_results', '--args', '{"macro_name": "elementary_cli.get_exposures", "macro_args": {}}', '--project-dir', 'D:\\envs\\dbt-env\\Lib\\site-packages\\elementary\\monitor\\dbt_project']' is 1350
2024-07-02 18:12:21 — INFO — Running dbt --log-format json run-operation elementary.log_macro_results --args {"macro_name": "elementary_cli.get_singular_tests", "macro_args": {}} --project-dir D:\envs\dbt-env\Lib\site-packages\elementary\monitor\dbt_project
2024-07-02 18:12:28 — DEBUG — Result bytes size for command '['dbt', '--log-format', 'json', 'run-operation', 'elementary.log_macro_results', '--args', '{"macro_name": "elementary_cli.get_singular_tests", "macro_args": {}}', '--project-dir', 'D:\\envs\\dbt-env\\Lib\\site-packages\\elementary\\monitor\\dbt_project']' is 1350
2024-07-02 18:12:28 — INFO — Running dbt --log-format json run-operation elementary.log_macro_results --args {"macro_name": "elementary_cli.get_models_runs", "macro_args": {"days_back": 7, "exclude_elementary": true}} --project-dir D:\envs\dbt-env\Lib\site-packages\elementary\monitor\dbt_project
2024-07-02 18:12:35 — DEBUG — Result bytes size for command '['dbt', '--log-format', 'json', 'run-operation', 'elementary.log_macro_results', '--args', '{"macro_name": "elementary_cli.get_models_runs", "macro_args": {"days_back": 7, "exclude_elementary": true}}', '--project-dir', 'D:\\envs\\dbt-env\\Lib\\site-packages\\elementary\\monitor\\dbt_project']' is 8200
2024-07-02 18:12:35 — INFO — Running dbt --log-format json run-operation elementary.log_macro_results --args {"macro_name": "elementary_cli.get_dbt_models_test_coverage", "macro_args": {}} --project-dir D:\envs\dbt-env\Lib\site-packages\elementary\monitor\dbt_project
2024-07-02 18:12:43 — DEBUG — Result bytes size for command '['dbt', '--log-format', 'json', 'run-operation', 'elementary.log_macro_results', '--args', '{"macro_name": "elementary_cli.get_dbt_models_test_coverage", "macro_args": {}}', '--project-dir', 'D:\\envs\\dbt-env\\Lib\\site-packages\\elementary\\monitor\\dbt_project']' is 1958
2024-07-02 18:12:43 — INFO — Running dbt --log-format json run-operation elementary.log_macro_results --args {"macro_name": "elementary_cli.get_nodes_depends_on_nodes", "macro_args": {"exclude_elementary": true}} --project-dir D:\envs\dbt-env\Lib\site-packages\elementary\monitor\dbt_project
2024-07-02 18:12:58 — DEBUG — Result bytes size for command '['dbt', '--log-format', 'json', 'run-operation', 'elementary.log_macro_results', '--args', '{"macro_name": "elementary_cli.get_nodes_depends_on_nodes", "macro_args": {"exclude_elementary": true}}', '--project-dir', 'D:\\envs\\dbt-env\\Lib\\site-packages\\elementary\\monitor\\dbt_project']' is 14490
2024-07-02 18:12:58 — INFO — Running dbt --log-format json run-operation elementary.log_macro_results --args {"macro_name": "elementary_cli.get_models_latest_invocation", "macro_args": {}} --project-dir D:\envs\dbt-env\Lib\site-packages\elementary\monitor\dbt_project
2024-07-02 18:13:05 — DEBUG — Result bytes size for command '['dbt', '--log-format', 'json', 'run-operation', 'elementary.log_macro_results', '--args', '{"macro_name": "elementary_cli.get_models_latest_invocation", "macro_args": {}}', '--project-dir', 'D:\\envs\\dbt-env\\Lib\\site-packages\\elementary\\monitor\\dbt_project']' is 8654
2024-07-02 18:13:05 — INFO — Running dbt --log-format json run-operation elementary.log_macro_results --args {"macro_name": "elementary_cli.get_models_latest_invocations_data", "macro_args": {}} --project-dir D:\envs\dbt-env\Lib\site-packages\elementary\monitor\dbt_project
2024-07-02 18:13:15 — DEBUG — Result bytes size for command '['dbt', '--log-format', 'json', 'run-operation', 'elementary.log_macro_results', '--args', '{"macro_name": "elementary_cli.get_models_latest_invocations_data", "macro_args": {}}', '--project-dir', 'D:\\envs\\dbt-env\\Lib\\site-packages\\elementary\\monitor\\dbt_project']' is 3456
2024-07-02 18:14:09 — INFO — Running with edr=0.15.1
2024-07-02 18:14:09 — DEBUG — Running dbt --log-format json run-operation elementary.log_macro_results --args {"macro_name": "elementary_cli.get_latest_invocation", "macro_args": {}} --project-dir D:\envs\dbt-env\Lib\site-packages\elementary\monitor\dbt_project
2024-07-02 18:14:17 — DEBUG — Result bytes size for command '['dbt', '--log-format', 'json', 'run-operation', 'elementary.log_macro_results', '--args', '{"macro_name": "elementary_cli.get_latest_invocation", "macro_args": {}}', '--project-dir', 'D:\\envs\\dbt-env\\Lib\\site-packages\\elementary\\monitor\\dbt_project']' is 3722
2024-07-02 18:14:17 — DEBUG — Running dbt --log-format json run-operation elementary.log_macro_results --args {"macro_name": "elementary_cli.get_adapter_type_and_unique_id", "macro_args": {}} --project-dir D:\envs\dbt-env\Lib\site-packages\elementary\monitor\dbt_project
2024-07-02 18:14:22 — DEBUG — Result bytes size for command '['dbt', '--log-format', 'json', 'run-operation', 'elementary.log_macro_results', '--args', '{"macro_name": "elementary_cli.get_adapter_type_and_unique_id", "macro_args": {}}', '--project-dir', 'D:\\envs\\dbt-env\\Lib\\site-packages\\elementary\\monitor\\dbt_project']' is 1418
2024-07-02 18:14:22 — INFO — edr (0.15.1) and Elementary's dbt package (0.15.2) are compatible.
2024-07-02 18:14:22 — DEBUG — Running dbt --log-format json run-operation elementary.log_macro_results --args {"macro_name": "elementary_cli.get_elementary_database_and_schema", "macro_args": {}} --project-dir D:\envs\dbt-env\Lib\site-packages\elementary\monitor\dbt_project
2024-07-02 18:14:28 — DEBUG — Result bytes size for command '['dbt', '--log-format', 'json', 'run-operation', 'elementary.log_macro_results', '--args', '{"macro_name": "elementary_cli.get_elementary_database_and_schema", "macro_args": {}}', '--project-dir', 'D:\\envs\\dbt-env\\Lib\\site-packages\\elementary\\monitor\\dbt_project']' is 1406
2024-07-02 18:14:28 — INFO — Elementary's database and schema: '"pipeline_logs.dbt_elementary"'
2024-07-02 18:14:28 — INFO — Running dbt --log-format json run-operation elementary.log_macro_results --args {"macro_name": "elementary_cli.get_test_results", "macro_args": {"days_back": 7, "invocations_per_test": 720, "disable_passed_test_metrics": false}} --project-dir D:\envs\dbt-env\Lib\site-packages\elementary\monitor\dbt_project
2024-07-02 18:14:35 — DEBUG — Result bytes size for command '['dbt', '--log-format', 'json', 'run-operation', 'elementary.log_macro_results', '--args', '{"macro_name": "elementary_cli.get_test_results", "macro_args": {"days_back": 7, "invocations_per_test": 720, "disable_passed_test_metrics": false}}', '--project-dir', 'D:\\envs\\dbt-env\\Lib\\site-packages\\elementary\\monitor\\dbt_project']' is 70618
2024-07-02 18:14:35 — INFO — Running dbt --log-format json run-operation elementary.log_macro_results --args {"macro_name": "elementary_cli.get_source_freshness_results", "macro_args": {"days_back": 7, "invocations_per_test": 720}} --project-dir D:\envs\dbt-env\Lib\site-packages\elementary\monitor\dbt_project
2024-07-02 18:14:42 — DEBUG — Result bytes size for command '['dbt', '--log-format', 'json', 'run-operation', 'elementary.log_macro_results', '--args', '{"macro_name": "elementary_cli.get_source_freshness_results", "macro_args": {"days_back": 7, "invocations_per_test": 720}}', '--project-dir', 'D:\\envs\\dbt-env\\Lib\\site-packages\\elementary\\monitor\\dbt_project']' is 1350
2024-07-02 18:14:42 — INFO — Running dbt --log-format json run-operation elementary.log_macro_results --args {"macro_name": "elementary_cli.get_models", "macro_args": {"exclude_elementary": true}} --project-dir D:\envs\dbt-env\Lib\site-packages\elementary\monitor\dbt_project
2024-07-02 18:14:48 — DEBUG — Result bytes size for command '['dbt', '--log-format', 'json', 'run-operation', 'elementary.log_macro_results', '--args', '{"macro_name": "elementary_cli.get_models", "macro_args": {"exclude_elementary": true}}', '--project-dir', 'D:\\envs\\dbt-env\\Lib\\site-packages\\elementary\\monitor\\dbt_project']' is 40718
2024-07-02 18:14:48 — INFO — Running dbt --log-format json run-operation elementary.log_macro_results --args {"macro_name": "elementary_cli.get_sources", "macro_args": {}} --project-dir D:\envs\dbt-env\Lib\site-packages\elementary\monitor\dbt_project
2024-07-02 18:14:55 — DEBUG — Result bytes size for command '['dbt', '--log-format', 'json', 'run-operation', 'elementary.log_macro_results', '--args', '{"macro_name": "elementary_cli.get_sources", "macro_args": {}}', '--project-dir', 'D:\\envs\\dbt-env\\Lib\\site-packages\\elementary\\monitor\\dbt_project']' is 2094
2024-07-02 18:14:55 — INFO — Running dbt --log-format json run-operation elementary.log_macro_results --args {"macro_name": "elementary_cli.get_exposures", "macro_args": {}} --project-dir D:\envs\dbt-env\Lib\site-packages\elementary\monitor\dbt_project
2024-07-02 18:15:02 — DEBUG — Result bytes size for command '['dbt', '--log-format', 'json', 'run-operation', 'elementary.log_macro_results', '--args', '{"macro_name": "elementary_cli.get_exposures", "macro_args": {}}', '--project-dir', 'D:\\envs\\dbt-env\\Lib\\site-packages\\elementary\\monitor\\dbt_project']' is 1346
2024-07-02 18:15:02 — INFO — Running dbt --log-format json run-operation elementary.log_macro_results --args {"macro_name": "elementary_cli.get_singular_tests", "macro_args": {}} --project-dir D:\envs\dbt-env\Lib\site-packages\elementary\monitor\dbt_project
2024-07-02 18:15:09 — DEBUG — Result bytes size for command '['dbt', '--log-format', 'json', 'run-operation', 'elementary.log_macro_results', '--args', '{"macro_name": "elementary_cli.get_singular_tests", "macro_args": {}}', '--project-dir', 'D:\\envs\\dbt-env\\Lib\\site-packages\\elementary\\monitor\\dbt_project']' is 1346
2024-07-02 18:15:09 — INFO — Running dbt --log-format json run-operation elementary.log_macro_results --args {"macro_name": "elementary_cli.get_models_runs", "macro_args": {"days_back": 7, "exclude_elementary": true}} --project-dir D:\envs\dbt-env\Lib\site-packages\elementary\monitor\dbt_project
2024-07-02 18:15:15 — DEBUG — Result bytes size for command '['dbt', '--log-format', 'json', 'run-operation', 'elementary.log_macro_results', '--args', '{"macro_name": "elementary_cli.get_models_runs", "macro_args": {"days_back": 7, "exclude_elementary": true}}', '--project-dir', 'D:\\envs\\dbt-env\\Lib\\site-packages\\elementary\\monitor\\dbt_project']' is 9908
2024-07-02 18:15:15 — INFO — Running dbt --log-format json run-operation elementary.log_macro_results --args {"macro_name": "elementary_cli.get_dbt_models_test_coverage", "macro_args": {}} --project-dir D:\envs\dbt-env\Lib\site-packages\elementary\monitor\dbt_project
2024-07-02 18:15:22 — DEBUG — Result bytes size for command '['dbt', '--log-format', 'json', 'run-operation', 'elementary.log_macro_results', '--args', '{"macro_name": "elementary_cli.get_dbt_models_test_coverage", "macro_args": {}}', '--project-dir', 'D:\\envs\\dbt-env\\Lib\\site-packages\\elementary\\monitor\\dbt_project']' is 1954
2024-07-02 18:15:22 — INFO — Running dbt --log-format json run-operation elementary.log_macro_results --args {"macro_name": "elementary_cli.get_nodes_depends_on_nodes", "macro_args": {"exclude_elementary": true}} --project-dir D:\envs\dbt-env\Lib\site-packages\elementary\monitor\dbt_project
2024-07-02 18:15:30 — DEBUG — Result bytes size for command '['dbt', '--log-format', 'json', 'run-operation', 'elementary.log_macro_results', '--args', '{"macro_name": "elementary_cli.get_nodes_depends_on_nodes", "macro_args": {"exclude_elementary": true}}', '--project-dir', 'D:\\envs\\dbt-env\\Lib\\site-packages\\elementary\\monitor\\dbt_project']' is 14490
2024-07-02 18:15:30 — INFO — Running dbt --log-format json run-operation elementary.log_macro_results --args {"macro_name": "elementary_cli.get_models_latest_invocation", "macro_args": {}} --project-dir D:\envs\dbt-env\Lib\site-packages\elementary\monitor\dbt_project
2024-07-02 18:15:39 — DEBUG — Result bytes size for command '['dbt', '--log-format', 'json', 'run-operation', 'elementary.log_macro_results', '--args', '{"macro_name": "elementary_cli.get_models_latest_invocation", "macro_args": {}}', '--project-dir', 'D:\\envs\\dbt-env\\Lib\\site-packages\\elementary\\monitor\\dbt_project']' is 8654
2024-07-02 18:15:39 — INFO — Running dbt --log-format json run-operation elementary.log_macro_results --args {"macro_name": "elementary_cli.get_models_latest_invocations_data", "macro_args": {}} --project-dir D:\envs\dbt-env\Lib\site-packages\elementary\monitor\dbt_project
2024-07-02 18:15:59 — DEBUG — Result bytes size for command '['dbt', '--log-format', 'json', 'run-operation', 'elementary.log_macro_results', '--args', '{"macro_name": "elementary_cli.get_models_latest_invocations_data", "macro_args": {}}', '--project-dir', 'D:\\envs\\dbt-env\\Lib\\site-packages\\elementary\\monitor\\dbt_project']' is 3456
